<?xml version="1.0" encoding="UTF-8"?>
<!-- Generated by org.testng.reporters.JUnitXMLReporter -->
<testsuite hostname="QQSPLOXLTP0078" ignored="1" name="Default test" tests="9" failures="0" timestamp="09 Sep 2022 11:05:36 GMT" time="290.853" errors="0">
  <testcase name="TestCase1" time="28.443" classname="betheHeroProject.BeTheHero_AllTestCAses"/>
  <testcase name="testCase2" time="25.651" classname="betheHeroProject.BeTheHero_AllTestCAses"/>
  <testcase name="testCase3" time="25.469" classname="betheHeroProject.BeTheHero_AllTestCAses"/>
  <testcase name="testCase4" time="17.129" classname="betheHeroProject.BeTheHero_AllTestCAses"/>
  <testcase name="testCse5" time="23.446" classname="betheHeroProject.BeTheHero_AllTestCAses"/>
  <testcase name="testCase7" time="16.054" classname="betheHeroProject.BeTheHero_AllTestCAses"/>
  <testcase name="testCase8" time="14.316" classname="betheHeroProject.BeTheHero_AllTestCAses"/>
  <testcase name="testCase9" time="18.928" classname="betheHeroProject.BeTheHero_AllTestCAses"/>
  <testcase name="testCase10" time="23.777" classname="betheHeroProject.BeTheHero_AllTestCAses"/>
  <testcase name="testCase6" time="0.0" classname="betheHeroProject.BeTheHero_AllTestCAses">
    <ignored/>
  </testcase> <!-- testCase6 -->
</testsuite> <!-- Default test -->
