<?xml version="1.0" encoding="UTF-8"?>
<testng-results skipped="0" failed="0" ignored="1" total="10" passed="9">
  <reporter-output>
  </reporter-output>
  <suite name="Default suite" duration-ms="290853" started-at="2022-09-09T11:00:45Z" finished-at="2022-09-09T11:05:36Z">
    <groups>
    </groups>
    <test name="Default test" duration-ms="290853" started-at="2022-09-09T11:00:45Z" finished-at="2022-09-09T11:05:36Z">
      <class name="betheHeroProject.BeTheHero_AllTestCAses">
        <test-method status="PASS" signature="ConfigureAppium()[pri:0, instance:betheHeroProject.BeTheHero_AllTestCAses@479d31f3]" name="ConfigureAppium" is-config="true" duration-ms="9525" started-at="2022-09-09T11:00:45Z" finished-at="2022-09-09T11:00:55Z">
          <reporter-output>
          </reporter-output>
        </test-method> <!-- ConfigureAppium -->
        <test-method status="PASS" signature="TestCase1()[pri:1, instance:betheHeroProject.BeTheHero_AllTestCAses@479d31f3]" name="TestCase1" duration-ms="28443" started-at="2022-09-09T11:00:55Z" finished-at="2022-09-09T11:01:23Z">
          <reporter-output>
          </reporter-output>
        </test-method> <!-- TestCase1 -->
        <test-method status="PASS" signature="close()[pri:0, instance:betheHeroProject.BeTheHero_AllTestCAses@479d31f3]" name="close" is-config="true" duration-ms="941" started-at="2022-09-09T11:01:23Z" finished-at="2022-09-09T11:01:24Z">
          <reporter-output>
          </reporter-output>
        </test-method> <!-- close -->
        <test-method status="PASS" signature="ConfigureAppium()[pri:0, instance:betheHeroProject.BeTheHero_AllTestCAses@479d31f3]" name="ConfigureAppium" is-config="true" duration-ms="8696" started-at="2022-09-09T11:01:24Z" finished-at="2022-09-09T11:01:33Z">
          <reporter-output>
          </reporter-output>
        </test-method> <!-- ConfigureAppium -->
        <test-method status="PASS" signature="testCase2()[pri:2, instance:betheHeroProject.BeTheHero_AllTestCAses@479d31f3]" name="testCase2" duration-ms="25651" started-at="2022-09-09T11:01:33Z" finished-at="2022-09-09T11:01:58Z">
          <reporter-output>
          </reporter-output>
        </test-method> <!-- testCase2 -->
        <test-method status="PASS" signature="close()[pri:0, instance:betheHeroProject.BeTheHero_AllTestCAses@479d31f3]" name="close" is-config="true" duration-ms="983" started-at="2022-09-09T11:01:58Z" finished-at="2022-09-09T11:01:59Z">
          <reporter-output>
          </reporter-output>
        </test-method> <!-- close -->
        <test-method status="PASS" signature="ConfigureAppium()[pri:0, instance:betheHeroProject.BeTheHero_AllTestCAses@479d31f3]" name="ConfigureAppium" is-config="true" duration-ms="9090" started-at="2022-09-09T11:01:59Z" finished-at="2022-09-09T11:02:09Z">
          <reporter-output>
          </reporter-output>
        </test-method> <!-- ConfigureAppium -->
        <test-method status="PASS" signature="testCase3()[pri:3, instance:betheHeroProject.BeTheHero_AllTestCAses@479d31f3]" name="testCase3" duration-ms="25469" started-at="2022-09-09T11:02:09Z" finished-at="2022-09-09T11:02:34Z">
          <reporter-output>
          </reporter-output>
        </test-method> <!-- testCase3 -->
        <test-method status="PASS" signature="close()[pri:0, instance:betheHeroProject.BeTheHero_AllTestCAses@479d31f3]" name="close" is-config="true" duration-ms="894" started-at="2022-09-09T11:02:34Z" finished-at="2022-09-09T11:02:35Z">
          <reporter-output>
          </reporter-output>
        </test-method> <!-- close -->
        <test-method status="PASS" signature="ConfigureAppium()[pri:0, instance:betheHeroProject.BeTheHero_AllTestCAses@479d31f3]" name="ConfigureAppium" is-config="true" duration-ms="8870" started-at="2022-09-09T11:02:35Z" finished-at="2022-09-09T11:02:44Z">
          <reporter-output>
          </reporter-output>
        </test-method> <!-- ConfigureAppium -->
        <test-method status="PASS" signature="testCase4()[pri:4, instance:betheHeroProject.BeTheHero_AllTestCAses@479d31f3]" name="testCase4" duration-ms="17129" started-at="2022-09-09T11:02:44Z" finished-at="2022-09-09T11:03:01Z">
          <reporter-output>
          </reporter-output>
        </test-method> <!-- testCase4 -->
        <test-method status="PASS" signature="close()[pri:0, instance:betheHeroProject.BeTheHero_AllTestCAses@479d31f3]" name="close" is-config="true" duration-ms="840" started-at="2022-09-09T11:03:01Z" finished-at="2022-09-09T11:03:02Z">
          <reporter-output>
          </reporter-output>
        </test-method> <!-- close -->
        <test-method status="PASS" signature="ConfigureAppium()[pri:0, instance:betheHeroProject.BeTheHero_AllTestCAses@479d31f3]" name="ConfigureAppium" is-config="true" duration-ms="9393" started-at="2022-09-09T11:03:02Z" finished-at="2022-09-09T11:03:11Z">
          <reporter-output>
          </reporter-output>
        </test-method> <!-- ConfigureAppium -->
        <test-method status="PASS" signature="testCse5()[pri:5, instance:betheHeroProject.BeTheHero_AllTestCAses@479d31f3]" name="testCse5" duration-ms="23446" started-at="2022-09-09T11:03:11Z" finished-at="2022-09-09T11:03:35Z">
          <reporter-output>
          </reporter-output>
        </test-method> <!-- testCse5 -->
        <test-method status="PASS" signature="close()[pri:0, instance:betheHeroProject.BeTheHero_AllTestCAses@479d31f3]" name="close" is-config="true" duration-ms="872" started-at="2022-09-09T11:03:35Z" finished-at="2022-09-09T11:03:35Z">
          <reporter-output>
          </reporter-output>
        </test-method> <!-- close -->
        <test-method status="PASS" signature="ConfigureAppium()[pri:0, instance:betheHeroProject.BeTheHero_AllTestCAses@479d31f3]" name="ConfigureAppium" is-config="true" duration-ms="10270" started-at="2022-09-09T11:03:35Z" finished-at="2022-09-09T11:03:46Z">
          <reporter-output>
          </reporter-output>
        </test-method> <!-- ConfigureAppium -->
        <test-method status="PASS" signature="testCase7()[pri:7, instance:betheHeroProject.BeTheHero_AllTestCAses@479d31f3]" name="testCase7" duration-ms="16054" started-at="2022-09-09T11:03:46Z" finished-at="2022-09-09T11:04:02Z">
          <reporter-output>
          </reporter-output>
        </test-method> <!-- testCase7 -->
        <test-method status="PASS" signature="close()[pri:0, instance:betheHeroProject.BeTheHero_AllTestCAses@479d31f3]" name="close" is-config="true" duration-ms="1239" started-at="2022-09-09T11:04:02Z" finished-at="2022-09-09T11:04:03Z">
          <reporter-output>
          </reporter-output>
        </test-method> <!-- close -->
        <test-method status="PASS" signature="ConfigureAppium()[pri:0, instance:betheHeroProject.BeTheHero_AllTestCAses@479d31f3]" name="ConfigureAppium" is-config="true" duration-ms="10069" started-at="2022-09-09T11:04:03Z" finished-at="2022-09-09T11:04:13Z">
          <reporter-output>
          </reporter-output>
        </test-method> <!-- ConfigureAppium -->
        <test-method status="PASS" signature="testCase8()[pri:8, instance:betheHeroProject.BeTheHero_AllTestCAses@479d31f3]" name="testCase8" duration-ms="14316" started-at="2022-09-09T11:04:13Z" finished-at="2022-09-09T11:04:27Z">
          <reporter-output>
          </reporter-output>
        </test-method> <!-- testCase8 -->
        <test-method status="PASS" signature="close()[pri:0, instance:betheHeroProject.BeTheHero_AllTestCAses@479d31f3]" name="close" is-config="true" duration-ms="1316" started-at="2022-09-09T11:04:27Z" finished-at="2022-09-09T11:04:29Z">
          <reporter-output>
          </reporter-output>
        </test-method> <!-- close -->
        <test-method status="PASS" signature="ConfigureAppium()[pri:0, instance:betheHeroProject.BeTheHero_AllTestCAses@479d31f3]" name="ConfigureAppium" is-config="true" duration-ms="10717" started-at="2022-09-09T11:04:29Z" finished-at="2022-09-09T11:04:39Z">
          <reporter-output>
          </reporter-output>
        </test-method> <!-- ConfigureAppium -->
        <test-method status="PASS" signature="testCase9()[pri:9, instance:betheHeroProject.BeTheHero_AllTestCAses@479d31f3]" name="testCase9" duration-ms="18928" started-at="2022-09-09T11:04:39Z" finished-at="2022-09-09T11:04:58Z">
          <reporter-output>
          </reporter-output>
        </test-method> <!-- testCase9 -->
        <test-method status="PASS" signature="close()[pri:0, instance:betheHeroProject.BeTheHero_AllTestCAses@479d31f3]" name="close" is-config="true" duration-ms="1548" started-at="2022-09-09T11:04:58Z" finished-at="2022-09-09T11:05:00Z">
          <reporter-output>
          </reporter-output>
        </test-method> <!-- close -->
        <test-method status="PASS" signature="ConfigureAppium()[pri:0, instance:betheHeroProject.BeTheHero_AllTestCAses@479d31f3]" name="ConfigureAppium" is-config="true" duration-ms="10839" started-at="2022-09-09T11:05:00Z" finished-at="2022-09-09T11:05:11Z">
          <reporter-output>
          </reporter-output>
        </test-method> <!-- ConfigureAppium -->
        <test-method status="PASS" signature="testCase10()[pri:10, instance:betheHeroProject.BeTheHero_AllTestCAses@479d31f3]" name="testCase10" duration-ms="23777" started-at="2022-09-09T11:05:11Z" finished-at="2022-09-09T11:05:35Z">
          <reporter-output>
          </reporter-output>
        </test-method> <!-- testCase10 -->
        <test-method status="PASS" signature="close()[pri:0, instance:betheHeroProject.BeTheHero_AllTestCAses@479d31f3]" name="close" is-config="true" duration-ms="1487" started-at="2022-09-09T11:05:35Z" finished-at="2022-09-09T11:05:36Z">
          <reporter-output>
          </reporter-output>
        </test-method> <!-- close -->
      </class> <!-- betheHeroProject.BeTheHero_AllTestCAses -->
    </test> <!-- Default test -->
  </suite> <!-- Default suite -->
</testng-results>
